<?xml version="1.0" encoding="UTF-8"?>
<!-- Generated by org.testng.reporters.JUnitXMLReporter -->
<testsuite hostname="DESKTOP-UEKOIJ6" ignored="10" name="Test Cases" tests="6" failures="0" timestamp="2020-03-26T21:46:25 IST" time="117.517" errors="0">
  <testcase name="@BeforeClass beforeTest" time="10.441" classname="testBase.TestBase">
    <failure type="java.lang.NullPointerException">
      <![CDATA[java.lang.NullPointerException
at testBase.TestBase.beforeTest(TestBase.java:68)
at java.util.ArrayList.forEach(ArrayList.java:1257)
... Removed 25 stack frames]]>
    </failure>
  </testcase> <!-- @BeforeClass beforeTest -->
  <testcase name="@BeforeMethod beforeMethod" time="-1.585239300237E9" classname="testBase.TestBase">
    <skipped/>
  </testcase> <!-- @BeforeMethod beforeMethod -->
  <testcase name="@AfterMethod getResult" time="-1.585239300285E9" classname="testBase.TestBase">
    <skipped/>
  </testcase> <!-- @AfterMethod getResult -->
  <testcase name="@AfterClass afterTest" time="-1.585239300287E9" classname="testBase.TestBase">
    <skipped/>
  </testcase> <!-- @AfterClass afterTest -->
  <testcase name="@BeforeClass beforeTest" time="11.126" classname="testBase.TestBase">
    <failure type="java.lang.NullPointerException">
      <![CDATA[java.lang.NullPointerException
at testBase.TestBase.beforeTest(TestBase.java:68)
at java.util.ArrayList.forEach(ArrayList.java:1257)
... Removed 25 stack frames]]>
    </failure>
  </testcase> <!-- @BeforeClass beforeTest -->
  <testcase name="@BeforeMethod beforeMethod" time="-1.585239311419E9" classname="testBase.TestBase">
    <skipped/>
  </testcase> <!-- @BeforeMethod beforeMethod -->
  <testcase name="@AfterMethod getResult" time="-1.585239311429E9" classname="testBase.TestBase">
    <skipped/>
  </testcase> <!-- @AfterMethod getResult -->
  <testcase name="@AfterClass afterTest" time="-1.585239311431E9" classname="testBase.TestBase">
    <skipped/>
  </testcase> <!-- @AfterClass afterTest -->
  <testcase name="@BeforeClass beforeTest" time="13.28" classname="testBase.TestBase">
    <failure type="java.lang.NullPointerException">
      <![CDATA[java.lang.NullPointerException
at testBase.TestBase.beforeTest(TestBase.java:68)
at java.util.ArrayList.forEach(ArrayList.java:1257)
... Removed 25 stack frames]]>
    </failure>
  </testcase> <!-- @BeforeClass beforeTest -->
  <testcase name="@BeforeMethod beforeMethod" time="-1.585239324721E9" classname="testBase.TestBase">
    <skipped/>
  </testcase> <!-- @BeforeMethod beforeMethod -->
  <testcase name="@AfterMethod getResult" time="-1.585239324729E9" classname="testBase.TestBase">
    <skipped/>
  </testcase> <!-- @AfterMethod getResult -->
  <testcase name="@AfterClass afterTest" time="-1.58523932473E9" classname="testBase.TestBase">
    <skipped/>
  </testcase> <!-- @AfterClass afterTest -->
  <testcase name="@BeforeClass beforeTest" time="15.615" classname="testBase.TestBase">
    <failure type="java.lang.NullPointerException">
      <![CDATA[java.lang.NullPointerException
at testBase.TestBase.beforeTest(TestBase.java:68)
at java.util.ArrayList.forEach(ArrayList.java:1257)
... Removed 25 stack frames]]>
    </failure>
  </testcase> <!-- @BeforeClass beforeTest -->
  <testcase name="@BeforeMethod beforeMethod" time="-1.585239340349E9" classname="testBase.TestBase">
    <skipped/>
  </testcase> <!-- @BeforeMethod beforeMethod -->
  <testcase name="@AfterMethod getResult" time="-1.585239340364E9" classname="testBase.TestBase">
    <skipped/>
  </testcase> <!-- @AfterMethod getResult -->
  <testcase name="@AfterClass afterTest" time="-1.585239340366E9" classname="testBase.TestBase">
    <skipped/>
  </testcase> <!-- @AfterClass afterTest -->
  <testcase name="@BeforeClass beforeTest" time="40.222" classname="testBase.TestBase">
    <failure type="java.lang.NullPointerException">
      <![CDATA[java.lang.NullPointerException
at testBase.TestBase.beforeTest(TestBase.java:68)
at java.util.ArrayList.forEach(ArrayList.java:1257)
... Removed 25 stack frames]]>
    </failure>
  </testcase> <!-- @BeforeClass beforeTest -->
  <testcase name="@BeforeMethod beforeMethod" time="-1.585239380604E9" classname="testBase.TestBase">
    <skipped/>
  </testcase> <!-- @BeforeMethod beforeMethod -->
  <testcase name="@AfterMethod getResult" time="-1.585239380609E9" classname="testBase.TestBase">
    <skipped/>
  </testcase> <!-- @AfterMethod getResult -->
  <testcase name="@AfterClass afterTest" time="-1.585239380611E9" classname="testBase.TestBase">
    <skipped/>
  </testcase> <!-- @AfterClass afterTest -->
  <testcase name="bootstrapDropdownMethod" time="9.477" classname="webDriver_Scripts.BootstrapDropDown"/>
  <testcase name="dropdownMethod1" time="0.0" classname="webDriver_Scripts.DropDownExample">
    <skipped/>
  </testcase> <!-- dropdownMethod1 -->
  <testcase name="brokenLinkMethod" time="0.0" classname="webDriver_Scripts.FindBrokenLinks">
    <skipped/>
  </testcase> <!-- brokenLinkMethod -->
  <testcase name="fullPageScreenshot" time="0.0" classname="webDriver_Scripts.FullpageScreenshot">
    <skipped/>
  </testcase> <!-- fullPageScreenshot -->
  <testcase name="handlingMultipleWindows" time="0.0" classname="webDriver_Scripts.HandlingMultipleTabs">
    <skipped/>
  </testcase> <!-- handlingMultipleWindows -->
  <testcase name="particularElementScreenshot" time="0.0" classname="webDriver_Scripts.ParticularElmScreenshot">
    <skipped/>
  </testcase> <!-- particularElementScreenshot -->
  <testcase name="@AfterSuite endExtent" time="0.0" classname="testBase.TestBase">
    <ignored/>
  </testcase> <!-- @AfterSuite endExtent -->
  <testcase name="@AfterSuite endExtent" time="0.0" classname="testBase.TestBase">
    <ignored/>
  </testcase> <!-- @AfterSuite endExtent -->
  <testcase name="@AfterSuite endExtent" time="0.0" classname="testBase.TestBase">
    <ignored/>
  </testcase> <!-- @AfterSuite endExtent -->
  <testcase name="@AfterSuite endExtent" time="0.0" classname="testBase.TestBase">
    <ignored/>
  </testcase> <!-- @AfterSuite endExtent -->
  <testcase name="@AfterSuite endExtent" time="0.0" classname="testBase.TestBase">
    <ignored/>
  </testcase> <!-- @AfterSuite endExtent -->
  <testcase name="@BeforeSuite beforeSuite" time="0.0" classname="testBase.TestBase">
    <ignored/>
  </testcase> <!-- @BeforeSuite beforeSuite -->
  <testcase name="@BeforeSuite beforeSuite" time="0.0" classname="testBase.TestBase">
    <ignored/>
  </testcase> <!-- @BeforeSuite beforeSuite -->
  <testcase name="@BeforeSuite beforeSuite" time="0.0" classname="testBase.TestBase">
    <ignored/>
  </testcase> <!-- @BeforeSuite beforeSuite -->
  <testcase name="@BeforeSuite beforeSuite" time="0.0" classname="testBase.TestBase">
    <ignored/>
  </testcase> <!-- @BeforeSuite beforeSuite -->
  <testcase name="@BeforeSuite beforeSuite" time="0.0" classname="testBase.TestBase">
    <ignored/>
  </testcase> <!-- @BeforeSuite beforeSuite -->
</testsuite> <!-- Test Cases -->
