<?xml version="1.0" encoding="UTF-8"?>
<testsuite xmlns:xsi="http://www.w3.org/2001/XMLSchema-instance" xsi:noNamespaceSchemaLocation="https://maven.apache.org/surefire/maven-surefire-plugin/xsd/surefire-test-report.xsd" name="TestSuite" time="242.61" tests="6" errors="0" skipped="2" failures="0">
  <properties>
[...]
</properties>
  <testcase name="bootstrapDropdownMethod" classname="testCases.AllTestCases" time="0">
    <skipped message="timeout: Timed out receiving message from renderer: -0.003&#10;  (Session info: chrome=80.0.3987.149)&#10;Build info: version: &apos;3.141.59&apos;, revision: &apos;e82be7d358&apos;, time: &apos;2018-11-14T08:17:03&apos;&#10;System info: host: &apos;DESKTOP-UEKOIJ6&apos;, ip: &apos;10.133.60.35&apos;, os.name: &apos;Windows 10&apos;, os.arch: &apos;x86&apos;, os.version: &apos;10.0&apos;, java.version: &apos;1.8.0_241&apos;&#10;Driver info: org.openqa.selenium.chrome.ChromeDriver&#10;Capabilities {acceptInsecureCerts: false, browserName: chrome, browserVersion: 80.0.3987.149, chrome: {chromedriverVersion: 80.0.3987.106 (f68069574609..., userDataDir: C:\Users\91829\AppData\Loca...}, goog:chromeOptions: {debuggerAddress: localhost:61763}, javascriptEnabled: true, networkConnectionEnabled: false, pageLoadStrategy: normal, platform: WINDOWS, platformName: WINDOWS, proxy: Proxy(), setWindowRect: true, strictFileInteractability: false, timeouts: {implicit: 0, pageLoad: 300000, script: 30000}, unhandledPromptBehavior: dismiss and notify}&#10;Session ID: 7313126d5150f77a1615e308e64b2254"/>
    <system-out><![CDATA[2020-03-31 19:03:303 INFO  TestBase :57 - Initialize WebDriver: 1219704
2020-03-31 19:03:723 INFO  TestBase :59 - Initialize Browser : Chrome 
2020-03-31 19:03:964 INFO  TestBase :70 - **************bootstrapDropdownMethod  Started***************
]]></system-out>
    <system-err><![CDATA[Starting ChromeDriver 80.0.3987.106 (f68069574609230cf9b635cd784cfb1bf81bb53a-refs/branch-heads/3987@{#882}) on port 22616
Only local connections are allowed.
Please protect ports used by ChromeDriver and related test frameworks to prevent access by malicious code.
[1585664142.833][WARNING]: Timed out connecting to Chrome, retrying...
Mar 31, 2020 7:45:54 PM org.openqa.selenium.remote.ProtocolHandshake createSession
INFO: Detected dialect: W3C
[1585664157.934][WARNING]: Timed out connecting to Chrome, retrying...
[1585664163.409][SEVERE]: Timed out receiving message from renderer: 0.100
[1585664163.517][SEVERE]: Timed out receiving message from renderer: 0.100
[1585664163.627][SEVERE]: Timed out receiving message from renderer: 0.100
[1585664163.737][SEVERE]: Timed out receiving message from renderer: 0.100
[1585664163.841][SEVERE]: Timed out receiving message from renderer: 0.100
[1585664163.956][SEVERE]: Timed out receiving message from renderer: 0.100
[1585664164.060][SEVERE]: Timed out receiving message from renderer: 0.100
[1585664164.176][SEVERE]: Timed out receiving message from renderer: 0.100
[1585664164.295][SEVERE]: Timed out receiving message from renderer: 0.100
[1585664164.421][SEVERE]: Timed out receiving message from renderer: 0.100
[1585664164.531][SEVERE]: Timed out receiving message from renderer: 0.100
[1585664164.639][SEVERE]: Timed out receiving message from renderer: 0.100
[1585664164.742][SEVERE]: Timed out receiving message from renderer: 0.100
[1585664164.844][SEVERE]: Timed out receiving message from renderer: 0.100
[1585664164.952][SEVERE]: Timed out receiving message from renderer: 0.100
[1585664165.059][SEVERE]: Timed out receiving message from renderer: 0.100
[1585664165.161][SEVERE]: Timed out receiving message from renderer: 0.100
[1585664165.273][SEVERE]: Timed out receiving message from renderer: 0.100
[1585664165.389][SEVERE]: Timed out receiving message from renderer: 0.100
[1585664165.577][SEVERE]: Timed out receiving message from renderer: 0.100
[1585664165.737][SEVERE]: Timed out receiving message from renderer: 0.100
[1585664165.848][SEVERE]: Timed out receiving message from renderer: 0.100
[1585664166.038][SEVERE]: Timed out receiving message from renderer: 0.100
[1585664177.784][SEVERE]: Timed out receiving message from renderer: 0.100
[1585664178.080][SEVERE]: Timed out receiving message from renderer: 0.100
[1585664181.976][SEVERE]: Timed out receiving message from renderer: 0.501
[1585664181.978][SEVERE]: Timed out receiving message from renderer: -0.003
]]></system-err>
  </testcase>
  <testcase name="bootstrapDropdownMethod" classname="testCases.AllTestCases" time="0">
    <skipped message="timeout: Timed out receiving message from renderer: -0.011&#10;  (Session info: chrome=80.0.3987.149)&#10;Build info: version: &apos;3.141.59&apos;, revision: &apos;e82be7d358&apos;, time: &apos;2018-11-14T08:17:03&apos;&#10;System info: host: &apos;DESKTOP-UEKOIJ6&apos;, ip: &apos;10.133.60.35&apos;, os.name: &apos;Windows 10&apos;, os.arch: &apos;x86&apos;, os.version: &apos;10.0&apos;, java.version: &apos;1.8.0_241&apos;&#10;Driver info: org.openqa.selenium.chrome.ChromeDriver&#10;Capabilities {acceptInsecureCerts: false, browserName: chrome, browserVersion: 80.0.3987.149, chrome: {chromedriverVersion: 80.0.3987.106 (f68069574609..., userDataDir: C:\Users\91829\AppData\Loca...}, goog:chromeOptions: {debuggerAddress: localhost:61763}, javascriptEnabled: true, networkConnectionEnabled: false, pageLoadStrategy: normal, platform: WINDOWS, platformName: WINDOWS, proxy: Proxy(), setWindowRect: true, strictFileInteractability: false, timeouts: {implicit: 0, pageLoad: 300000, script: 30000}, unhandledPromptBehavior: dismiss and notify}&#10;Session ID: 7313126d5150f77a1615e308e64b2254"/>
    <system-out><![CDATA[2020-03-31 19:03:46 INFO  TestBase :99 - **************bootstrapDropdownMethod  Finished ***************
2020-03-31 19:03:49 INFO  TestBase :70 - **************bootstrapDropdownMethod  Started***************
]]></system-out>
    <system-err><![CDATA[[1585664191.991][SEVERE]: Timed out receiving message from renderer: 0.100
[1585664196.595][SEVERE]: Timed out receiving message from renderer: 0.100
[1585664200.099][SEVERE]: Timed out receiving message from renderer: 0.100
[1585664203.539][SEVERE]: Timed out receiving message from renderer: 0.100
[1585664204.057][SEVERE]: Timed out receiving message from renderer: 0.466
[1585664204.069][SEVERE]: Timed out receiving message from renderer: -0.011
]]></system-err>
  </testcase>
  <testcase name="bootstrapDropdownMethod" classname="testCases.AllTestCases" time="25.214"/>
  <testcase name="brokenLinkMethod" classname="testCases.AllTestCases" time="49.494"/>
  <testcase name="fullPageScreenshot" classname="testCases.AllTestCases" time="48.677"/>
  <testcase name="handlingMultipleWindows" classname="testCases.AllTestCases" time="31.413"/>
</testsuite>