<?xml version="1.0" encoding="UTF-8"?>
<testsuite xmlns:xsi="http://www.w3.org/2001/XMLSchema-instance" xsi:noNamespaceSchemaLocation="https://maven.apache.org/surefire/maven-surefire-plugin/xsd/surefire-test-report.xsd" name="TestSuite" time="280.17" tests="12" errors="0" skipped="6" failures="2">
  <properties>
[...]
</properties>
  <testcase name="bootstrapDropdownMethod" classname="testCases.AllTestCases" time="7.442"/>
  <testcase name="brokenLinkMethod" classname="testCases.AllTestCases" time="22.716"/>
  <testcase name="dropdownMethod" classname="testCases.AllTestCases" time="0">
    <skipped message="no such element: Unable to locate element: {&quot;method&quot;:&quot;xpath&quot;,&quot;selector&quot;:&quot;//select[@id=&apos;select-de&apos;]&quot;}&#10;  (Session info: chrome=80.0.3987.149)&#10;For documentation on this error, please visit: https://www.seleniumhq.org/exceptions/no_such_element.html&#10;Build info: version: &apos;3.141.59&apos;, revision: &apos;e82be7d358&apos;, time: &apos;2018-11-14T08:17:03&apos;&#10;System info: host: &apos;DESKTOP-UEKOIJ6&apos;, ip: &apos;10.133.60.35&apos;, os.name: &apos;Windows 10&apos;, os.arch: &apos;x86&apos;, os.version: &apos;10.0&apos;, java.version: &apos;1.8.0_241&apos;&#10;Driver info: org.openqa.selenium.chrome.ChromeDriver&#10;Capabilities {acceptInsecureCerts: false, browserName: chrome, browserVersion: 80.0.3987.149, chrome: {chromedriverVersion: 80.0.3987.106 (f68069574609..., userDataDir: C:\Users\91829\AppData\Loca...}, goog:chromeOptions: {debuggerAddress: localhost:56271}, javascriptEnabled: true, networkConnectionEnabled: false, pageLoadStrategy: normal, platform: WINDOWS, platformName: WINDOWS, proxy: Proxy(), setWindowRect: true, strictFileInteractability: false, timeouts: {implicit: 0, pageLoad: 300000, script: 30000}, unhandledPromptBehavior: dismiss and notify}&#10;Session ID: ee5271b64d7376464c5bc9071ef550ea&#10;*** Element info: {Using=xpath, value=//select[@id=&apos;select-de&apos;]}"/>
    <system-out><![CDATA[2020-03-27 18:03:738 INFO  TestBase :106 - **************brokenLinkMethod  Finished ***************
2020-03-27 18:03:742 INFO  TestBase :77 - **************dropdownMethod  Started***************
]]></system-out>
    <system-err><![CDATA[[1585315151.444][SEVERE]: Timed out receiving message from renderer: 0.100
[1585315151.551][SEVERE]: Timed out receiving message from renderer: 0.100
[1585315151.664][SEVERE]: Timed out receiving message from renderer: 0.100
[1585315151.771][SEVERE]: Timed out receiving message from renderer: 0.100
[1585315151.873][SEVERE]: Timed out receiving message from renderer: 0.100
[1585315151.980][SEVERE]: Timed out receiving message from renderer: 0.100
[1585315152.087][SEVERE]: Timed out receiving message from renderer: 0.100
[1585315152.200][SEVERE]: Timed out receiving message from renderer: 0.100
[1585315152.307][SEVERE]: Timed out receiving message from renderer: 0.100
[1585315152.419][SEVERE]: Timed out receiving message from renderer: 0.100
[1585315152.525][SEVERE]: Timed out receiving message from renderer: 0.100
[1585315152.629][SEVERE]: Timed out receiving message from renderer: 0.100
[1585315152.736][SEVERE]: Timed out receiving message from renderer: 0.100
[1585315152.844][SEVERE]: Timed out receiving message from renderer: 0.100
[1585315152.953][SEVERE]: Timed out receiving message from renderer: 0.100
[1585315153.056][SEVERE]: Timed out receiving message from renderer: 0.100
[1585315153.159][SEVERE]: Timed out receiving message from renderer: 0.100
[1585315153.268][SEVERE]: Timed out receiving message from renderer: 0.100
[1585315153.370][SEVERE]: Timed out receiving message from renderer: 0.100
[1585315153.472][SEVERE]: Timed out receiving message from renderer: 0.100
[1585315153.580][SEVERE]: Timed out receiving message from renderer: 0.100
[1585315153.823][SEVERE]: Timed out receiving message from renderer: 0.100
[1585315154.288][SEVERE]: Timed out receiving message from renderer: 0.100
[1585315155.004][SEVERE]: Timed out receiving message from renderer: 0.100
[1585315155.109][SEVERE]: Timed out receiving message from renderer: 0.100
]]></system-err>
  </testcase>
  <testcase name="dropdownMethod" classname="testCases.AllTestCases" time="0">
    <skipped message="no such element: Unable to locate element: {&quot;method&quot;:&quot;xpath&quot;,&quot;selector&quot;:&quot;//select[@id=&apos;select-de&apos;]&quot;}&#10;  (Session info: chrome=80.0.3987.149)&#10;For documentation on this error, please visit: https://www.seleniumhq.org/exceptions/no_such_element.html&#10;Build info: version: &apos;3.141.59&apos;, revision: &apos;e82be7d358&apos;, time: &apos;2018-11-14T08:17:03&apos;&#10;System info: host: &apos;DESKTOP-UEKOIJ6&apos;, ip: &apos;10.133.60.35&apos;, os.name: &apos;Windows 10&apos;, os.arch: &apos;x86&apos;, os.version: &apos;10.0&apos;, java.version: &apos;1.8.0_241&apos;&#10;Driver info: org.openqa.selenium.chrome.ChromeDriver&#10;Capabilities {acceptInsecureCerts: false, browserName: chrome, browserVersion: 80.0.3987.149, chrome: {chromedriverVersion: 80.0.3987.106 (f68069574609..., userDataDir: C:\Users\91829\AppData\Loca...}, goog:chromeOptions: {debuggerAddress: localhost:56271}, javascriptEnabled: true, networkConnectionEnabled: false, pageLoadStrategy: normal, platform: WINDOWS, platformName: WINDOWS, proxy: Proxy(), setWindowRect: true, strictFileInteractability: false, timeouts: {implicit: 0, pageLoad: 300000, script: 30000}, unhandledPromptBehavior: dismiss and notify}&#10;Session ID: ee5271b64d7376464c5bc9071ef550ea&#10;*** Element info: {Using=xpath, value=//select[@id=&apos;select-de&apos;]}"/>
    <system-out><![CDATA[2020-03-27 18:03:371 INFO  TestBase :106 - **************dropdownMethod  Finished ***************
2020-03-27 18:03:375 INFO  TestBase :77 - **************dropdownMethod  Started***************
]]></system-out>
  </testcase>
  <testcase name="dropdownMethod" classname="testCases.AllTestCases" time="0">
    <skipped message="no such element: Unable to locate element: {&quot;method&quot;:&quot;xpath&quot;,&quot;selector&quot;:&quot;//select[@id=&apos;select-de&apos;]&quot;}&#10;  (Session info: chrome=80.0.3987.149)&#10;For documentation on this error, please visit: https://www.seleniumhq.org/exceptions/no_such_element.html&#10;Build info: version: &apos;3.141.59&apos;, revision: &apos;e82be7d358&apos;, time: &apos;2018-11-14T08:17:03&apos;&#10;System info: host: &apos;DESKTOP-UEKOIJ6&apos;, ip: &apos;10.133.60.35&apos;, os.name: &apos;Windows 10&apos;, os.arch: &apos;x86&apos;, os.version: &apos;10.0&apos;, java.version: &apos;1.8.0_241&apos;&#10;Driver info: org.openqa.selenium.chrome.ChromeDriver&#10;Capabilities {acceptInsecureCerts: false, browserName: chrome, browserVersion: 80.0.3987.149, chrome: {chromedriverVersion: 80.0.3987.106 (f68069574609..., userDataDir: C:\Users\91829\AppData\Loca...}, goog:chromeOptions: {debuggerAddress: localhost:56271}, javascriptEnabled: true, networkConnectionEnabled: false, pageLoadStrategy: normal, platform: WINDOWS, platformName: WINDOWS, proxy: Proxy(), setWindowRect: true, strictFileInteractability: false, timeouts: {implicit: 0, pageLoad: 300000, script: 30000}, unhandledPromptBehavior: dismiss and notify}&#10;Session ID: ee5271b64d7376464c5bc9071ef550ea&#10;*** Element info: {Using=xpath, value=//select[@id=&apos;select-de&apos;]}"/>
    <system-out><![CDATA[2020-03-27 18:03:79 INFO  TestBase :106 - **************dropdownMethod  Finished ***************
2020-03-27 18:03:80 INFO  TestBase :77 - **************dropdownMethod  Started***************
]]></system-out>
    <system-err><![CDATA[[1585315216.771][SEVERE]: Timed out receiving message from renderer: 0.100
[1585315216.884][SEVERE]: Timed out receiving message from renderer: 0.100
]]></system-err>
  </testcase>
  <testcase name="dropdownMethod" classname="testCases.AllTestCases" time="30.781">
    <failure message="no such element: Unable to locate element: {&quot;method&quot;:&quot;xpath&quot;,&quot;selector&quot;:&quot;//select[@id=&apos;select-de&apos;]&quot;}&#10;  (Session info: chrome=80.0.3987.149)&#10;For documentation on this error, please visit: https://www.seleniumhq.org/exceptions/no_such_element.html&#10;Build info: version: &apos;3.141.59&apos;, revision: &apos;e82be7d358&apos;, time: &apos;2018-11-14T08:17:03&apos;&#10;System info: host: &apos;DESKTOP-UEKOIJ6&apos;, ip: &apos;10.133.60.35&apos;, os.name: &apos;Windows 10&apos;, os.arch: &apos;x86&apos;, os.version: &apos;10.0&apos;, java.version: &apos;1.8.0_241&apos;&#10;Driver info: org.openqa.selenium.chrome.ChromeDriver&#10;Capabilities {acceptInsecureCerts: false, browserName: chrome, browserVersion: 80.0.3987.149, chrome: {chromedriverVersion: 80.0.3987.106 (f68069574609..., userDataDir: C:\Users\91829\AppData\Loca...}, goog:chromeOptions: {debuggerAddress: localhost:56271}, javascriptEnabled: true, networkConnectionEnabled: false, pageLoadStrategy: normal, platform: WINDOWS, platformName: WINDOWS, proxy: Proxy(), setWindowRect: true, strictFileInteractability: false, timeouts: {implicit: 0, pageLoad: 300000, script: 30000}, unhandledPromptBehavior: dismiss and notify}&#10;Session ID: ee5271b64d7376464c5bc9071ef550ea&#10;*** Element info: {Using=xpath, value=//select[@id=&apos;select-de&apos;]}" type="org.openqa.selenium.NoSuchElementException">org.openqa.selenium.NoSuchElementException: 
no such element: Unable to locate element: {"method":"xpath","selector":"//select[@id='select-de']"}
  (Session info: chrome=80.0.3987.149)
For documentation on this error, please visit: https://www.seleniumhq.org/exceptions/no_such_element.html
Build info: version: '3.141.59', revision: 'e82be7d358', time: '2018-11-14T08:17:03'
System info: host: 'DESKTOP-UEKOIJ6', ip: '10.133.60.35', os.name: 'Windows 10', os.arch: 'x86', os.version: '10.0', java.version: '1.8.0_241'
Driver info: org.openqa.selenium.chrome.ChromeDriver
Capabilities {acceptInsecureCerts: false, browserName: chrome, browserVersion: 80.0.3987.149, chrome: {chromedriverVersion: 80.0.3987.106 (f68069574609..., userDataDir: C:\Users\91829\AppData\Loca...}, goog:chromeOptions: {debuggerAddress: localhost:56271}, javascriptEnabled: true, networkConnectionEnabled: false, pageLoadStrategy: normal, platform: WINDOWS, platformName: WINDOWS, proxy: Proxy(), setWindowRect: true, strictFileInteractability: false, timeouts: {implicit: 0, pageLoad: 300000, script: 30000}, unhandledPromptBehavior: dismiss and notify}
Session ID: ee5271b64d7376464c5bc9071ef550ea
*** Element info: {Using=xpath, value=//select[@id='select-de']}
	at testCases.AllTestCases.dropdownMethod(AllTestCases.java:119)
</failure>
    <system-out><![CDATA[2020-03-27 18:03:49 INFO  TestBase :106 - **************dropdownMethod  Finished ***************
2020-03-27 18:03:54 INFO  TestBase :77 - **************dropdownMethod  Started***************
]]></system-out>
    <system-err><![CDATA[[1585315247.813][SEVERE]: Timed out receiving message from renderer: 0.100
]]></system-err>
  </testcase>
  <testcase name="fullPageScreenshot" classname="testCases.AllTestCases" time="28.476"/>
  <testcase name="handlingMultipleWindows" classname="testCases.AllTestCases" time="32.643"/>
  <testcase name="particularElementScreenshot" classname="testCases.AllTestCases" time="0">
    <skipped message="javascript error: $ is not defined&#10;  (Session info: chrome=80.0.3987.149)&#10;Build info: version: &apos;3.141.59&apos;, revision: &apos;e82be7d358&apos;, time: &apos;2018-11-14T08:17:03&apos;&#10;System info: host: &apos;DESKTOP-UEKOIJ6&apos;, ip: &apos;10.133.60.35&apos;, os.name: &apos;Windows 10&apos;, os.arch: &apos;x86&apos;, os.version: &apos;10.0&apos;, java.version: &apos;1.8.0_241&apos;&#10;Driver info: org.openqa.selenium.chrome.ChromeDriver&#10;Capabilities {acceptInsecureCerts: false, browserName: chrome, browserVersion: 80.0.3987.149, chrome: {chromedriverVersion: 80.0.3987.106 (f68069574609..., userDataDir: C:\Users\91829\AppData\Loca...}, goog:chromeOptions: {debuggerAddress: localhost:56271}, javascriptEnabled: true, networkConnectionEnabled: false, pageLoadStrategy: normal, platform: WINDOWS, platformName: WINDOWS, proxy: Proxy(), setWindowRect: true, strictFileInteractability: false, timeouts: {implicit: 0, pageLoad: 300000, script: 30000}, unhandledPromptBehavior: dismiss and notify}&#10;Session ID: ee5271b64d7376464c5bc9071ef550ea"/>
    <system-out><![CDATA[2020-03-27 18:03:65 INFO  TestBase :106 - **************handlingMultipleWindows  Finished ***************
2020-03-27 18:03:67 INFO  TestBase :77 - **************particularElementScreenshot  Started***************
]]></system-out>
    <system-err><![CDATA[[1585315348.777][SEVERE]: Timed out receiving message from renderer: 0.100
]]></system-err>
  </testcase>
  <testcase name="particularElementScreenshot" classname="testCases.AllTestCases" time="0">
    <skipped message="javascript error: $ is not defined&#10;  (Session info: chrome=80.0.3987.149)&#10;Build info: version: &apos;3.141.59&apos;, revision: &apos;e82be7d358&apos;, time: &apos;2018-11-14T08:17:03&apos;&#10;System info: host: &apos;DESKTOP-UEKOIJ6&apos;, ip: &apos;10.133.60.35&apos;, os.name: &apos;Windows 10&apos;, os.arch: &apos;x86&apos;, os.version: &apos;10.0&apos;, java.version: &apos;1.8.0_241&apos;&#10;Driver info: org.openqa.selenium.chrome.ChromeDriver&#10;Capabilities {acceptInsecureCerts: false, browserName: chrome, browserVersion: 80.0.3987.149, chrome: {chromedriverVersion: 80.0.3987.106 (f68069574609..., userDataDir: C:\Users\91829\AppData\Loca...}, goog:chromeOptions: {debuggerAddress: localhost:56271}, javascriptEnabled: true, networkConnectionEnabled: false, pageLoadStrategy: normal, platform: WINDOWS, platformName: WINDOWS, proxy: Proxy(), setWindowRect: true, strictFileInteractability: false, timeouts: {implicit: 0, pageLoad: 300000, script: 30000}, unhandledPromptBehavior: dismiss and notify}&#10;Session ID: ee5271b64d7376464c5bc9071ef550ea"/>
    <system-out><![CDATA[2020-03-27 18:03:22 INFO  TestBase :106 - **************particularElementScreenshot  Finished ***************
2020-03-27 18:03:24 INFO  TestBase :77 - **************particularElementScreenshot  Started***************
]]></system-out>
    <system-err><![CDATA[[1585315350.043][SEVERE]: Timed out receiving message from renderer: 0.100
]]></system-err>
  </testcase>
  <testcase name="particularElementScreenshot" classname="testCases.AllTestCases" time="0">
    <skipped message="javascript error: $ is not defined&#10;  (Session info: chrome=80.0.3987.149)&#10;Build info: version: &apos;3.141.59&apos;, revision: &apos;e82be7d358&apos;, time: &apos;2018-11-14T08:17:03&apos;&#10;System info: host: &apos;DESKTOP-UEKOIJ6&apos;, ip: &apos;10.133.60.35&apos;, os.name: &apos;Windows 10&apos;, os.arch: &apos;x86&apos;, os.version: &apos;10.0&apos;, java.version: &apos;1.8.0_241&apos;&#10;Driver info: org.openqa.selenium.chrome.ChromeDriver&#10;Capabilities {acceptInsecureCerts: false, browserName: chrome, browserVersion: 80.0.3987.149, chrome: {chromedriverVersion: 80.0.3987.106 (f68069574609..., userDataDir: C:\Users\91829\AppData\Loca...}, goog:chromeOptions: {debuggerAddress: localhost:56271}, javascriptEnabled: true, networkConnectionEnabled: false, pageLoadStrategy: normal, platform: WINDOWS, platformName: WINDOWS, proxy: Proxy(), setWindowRect: true, strictFileInteractability: false, timeouts: {implicit: 0, pageLoad: 300000, script: 30000}, unhandledPromptBehavior: dismiss and notify}&#10;Session ID: ee5271b64d7376464c5bc9071ef550ea"/>
    <system-out><![CDATA[2020-03-27 18:03:257 INFO  TestBase :106 - **************particularElementScreenshot  Finished ***************
2020-03-27 18:03:259 INFO  TestBase :77 - **************particularElementScreenshot  Started***************
]]></system-out>
    <system-err><![CDATA[[1585315351.207][SEVERE]: Timed out receiving message from renderer: 0.100
]]></system-err>
  </testcase>
  <testcase name="particularElementScreenshot" classname="testCases.AllTestCases" time="1.018">
    <failure message="javascript error: $ is not defined&#10;  (Session info: chrome=80.0.3987.149)&#10;Build info: version: &apos;3.141.59&apos;, revision: &apos;e82be7d358&apos;, time: &apos;2018-11-14T08:17:03&apos;&#10;System info: host: &apos;DESKTOP-UEKOIJ6&apos;, ip: &apos;10.133.60.35&apos;, os.name: &apos;Windows 10&apos;, os.arch: &apos;x86&apos;, os.version: &apos;10.0&apos;, java.version: &apos;1.8.0_241&apos;&#10;Driver info: org.openqa.selenium.chrome.ChromeDriver&#10;Capabilities {acceptInsecureCerts: false, browserName: chrome, browserVersion: 80.0.3987.149, chrome: {chromedriverVersion: 80.0.3987.106 (f68069574609..., userDataDir: C:\Users\91829\AppData\Loca...}, goog:chromeOptions: {debuggerAddress: localhost:56271}, javascriptEnabled: true, networkConnectionEnabled: false, pageLoadStrategy: normal, platform: WINDOWS, platformName: WINDOWS, proxy: Proxy(), setWindowRect: true, strictFileInteractability: false, timeouts: {implicit: 0, pageLoad: 300000, script: 30000}, unhandledPromptBehavior: dismiss and notify}&#10;Session ID: ee5271b64d7376464c5bc9071ef550ea" type="org.openqa.selenium.JavascriptException">org.openqa.selenium.JavascriptException: 
javascript error: $ is not defined
  (Session info: chrome=80.0.3987.149)
Build info: version: '3.141.59', revision: 'e82be7d358', time: '2018-11-14T08:17:03'
System info: host: 'DESKTOP-UEKOIJ6', ip: '10.133.60.35', os.name: 'Windows 10', os.arch: 'x86', os.version: '10.0', java.version: '1.8.0_241'
Driver info: org.openqa.selenium.chrome.ChromeDriver
Capabilities {acceptInsecureCerts: false, browserName: chrome, browserVersion: 80.0.3987.149, chrome: {chromedriverVersion: 80.0.3987.106 (f68069574609..., userDataDir: C:\Users\91829\AppData\Loca...}, goog:chromeOptions: {debuggerAddress: localhost:56271}, javascriptEnabled: true, networkConnectionEnabled: false, pageLoadStrategy: normal, platform: WINDOWS, platformName: WINDOWS, proxy: Proxy(), setWindowRect: true, strictFileInteractability: false, timeouts: {implicit: 0, pageLoad: 300000, script: 30000}, unhandledPromptBehavior: dismiss and notify}
Session ID: ee5271b64d7376464c5bc9071ef550ea
	at testCases.AllTestCases.particularElementScreenshot(AllTestCases.java:213)
</failure>
    <system-out><![CDATA[2020-03-27 18:03:420 INFO  TestBase :106 - **************particularElementScreenshot  Finished ***************
2020-03-27 18:03:421 INFO  TestBase :77 - **************particularElementScreenshot  Started***************
]]></system-out>
    <system-err><![CDATA[[1585315352.341][SEVERE]: Timed out receiving message from renderer: 0.100
]]></system-err>
  </testcase>
</testsuite>