<?xml version="1.0" encoding="UTF-8"?>
<!-- Generated by org.testng.reporters.JUnitXMLReporter -->
<testsuite hostname="DESKTOP-UEKOIJ6" ignored="0" name="Test Case1" tests="6" failures="0" timestamp="2020-03-31T19:49:22 IST" time="238.816" errors="0">
  <testcase name="bootstrapDropdownMethod" time="21.944" classname="testCases.AllTestCases">
    <skipped/>
  </testcase> <!-- bootstrapDropdownMethod -->
  <testcase name="bootstrapDropdownMethod" time="20.026" classname="testCases.AllTestCases">
    <skipped/>
  </testcase> <!-- bootstrapDropdownMethod -->
  <testcase name="bootstrapDropdownMethod" time="25.234" classname="testCases.AllTestCases"/>
  <testcase name="brokenLinkMethod" time="49.48" classname="testCases.AllTestCases"/>
  <testcase name="fullPageScreenshot" time="48.694" classname="testCases.AllTestCases"/>
  <testcase name="handlingMultipleWindows" time="31.406" classname="testCases.AllTestCases"/>
</testsuite> <!-- Test Case1 -->
