<?xml version="1.0" encoding="UTF-8"?>
<!-- Generated by org.testng.reporters.JUnitXMLReporter -->
<testsuite hostname="DESKTOP-UEKOIJ6" ignored="0" name="Test Case1" tests="4" failures="0" timestamp="2020-03-31T18:31:24 IST" time="138.277" errors="0">
  <testcase name="bootstrapDropdownMethod" time="10.017" classname="testCases.AllTestCases"/>
  <testcase name="brokenLinkMethod" time="30.904" classname="testCases.AllTestCases"/>
  <testcase name="fullPageScreenshot" time="32.581" classname="testCases.AllTestCases"/>
  <testcase name="handlingMultipleWindows" time="30.844" classname="testCases.AllTestCases"/>
</testsuite> <!-- Test Case1 -->
